 
****************************************
Report : cell
Design : full_adder
Version: O-2018.06-SP1
Date   : Mon Feb 10 13:45:05 2025
****************************************

Attributes:
    b - black box (unknown)
    h - hierarchical
    n - noncombinational
    r - removable
    u - contains unmapped logic

Cell                      Reference       Library             Area  Attributes
--------------------------------------------------------------------------------
U1                        OR2X1           osu05_stdcells  288.000000
U2                        INVX2           osu05_stdcells  144.000000
U3                        INVX2           osu05_stdcells  144.000000
U4                        INVX2           osu05_stdcells  144.000000
U5                        INVX2           osu05_stdcells  144.000000
U6                        INVX2           osu05_stdcells  144.000000
U7                        INVX2           osu05_stdcells  144.000000
ha1                       half_adder_1                    792.000000
                                                                    h
ha2                       half_adder_0                    792.000000
                                                                    h
--------------------------------------------------------------------------------
Total 9 cells                                             2736.000000
1
