 
****************************************
Report : area
Design : full_adder
Version: O-2018.06-SP1
Date   : Mon Feb 10 13:45:05 2025
****************************************

Library(s) Used:

    osu05_stdcells (File: /apps/design_kits/osu_stdcells_v2p7/synopsys/lib/ami05/osu05_stdcells.db)

Number of ports:                           13
Number of nets:                            22
Number of cells:                           13
Number of combinational cells:             11
Number of sequential cells:                 0
Number of macros/black boxes:               0
Number of buf/inv:                          6
Number of references:                       4

Combinational area:               2736.000000
Buf/Inv area:                      864.000000
Noncombinational area:               0.000000
Macro/Black Box area:                0.000000
Net Interconnect area:      undefined  (No wire load specified)

Total cell area:                  2736.000000
Total area:                 undefined

Hierarchical area distribution
------------------------------

                                  Global cell area          Local cell area
                                  ------------------  ---------------------------- 
Hierarchical cell                 Absolute   Percent  Combi-     Noncombi-  Black-
                                  Total      Total    national   national   boxes   Design
--------------------------------  ---------  -------  ---------  ---------  ------  ------------
full_adder                        2736.0000    100.0  1152.0000     0.0000  0.0000  full_adder
ha1                                792.0000     28.9   792.0000     0.0000  0.0000  half_adder_1
ha2                                792.0000     28.9   792.0000     0.0000  0.0000  half_adder_0
--------------------------------  ---------  -------  ---------  ---------  ------  ------------
Total                                                 2736.0000     0.0000  0.0000

1
