 
****************************************
Report : cell
Design : mini_mips_full_design
Version: O-2018.06-SP1
Date   : Tue Apr 15 13:25:15 2025
****************************************

Attributes:
    b - black box (unknown)
    h - hierarchical
    n - noncombinational
    r - removable
    u - contains unmapped logic

Cell                      Reference       Library             Area  Attributes
--------------------------------------------------------------------------------
U3                        INVX1           osu05_stdcells  144.000000
U4                        AOI21X1         osu05_stdcells  288.000000
cont                      controller                      24939.000000
                                                                    h, n
dp                        datapath_full_design            5701500.000000
                                                                    h, n
--------------------------------------------------------------------------------
Total 4 cells                                             5726871.000000
1
