/apps/vlsi_2018/synopsys/synthesis/O-2018.06-SP1/auxx/gui/dv/dv_setup.tcl
/apps/vlsi_2018/synopsys/synthesis/O-2018.06-SP1/auxx/gui/syn/snpsSynProcs.tcl
/apps/vlsi_2018/synopsys/synthesis/O-2018.06-SP1/auxx/gui/syn/layout/pkgIndex.tcl
/apps/vlsi_2018/synopsys/synthesis/O-2018.06-SP1/auxx/gui/common/WindowFrameWork/pkgIndex.tcl
/apps/vlsi_2018/synopsys/synthesis/O-2018.06-SP1/auxx/gui/common/acg/pkgIndex.tcl
/apps/vlsi_2018/synopsys/synthesis/O-2018.06-SP1/auxx/gui/common/commandform/pkgIndex.tcl
/apps/vlsi_2018/synopsys/synthesis/O-2018.06-SP1/auxx/gui/common/dialogs/pkgIndex.tcl
/apps/vlsi_2018/synopsys/synthesis/O-2018.06-SP1/auxx/gui/common/docBrowser/pkgIndex.tcl
/apps/vlsi_2018/synopsys/synthesis/O-2018.06-SP1/auxx/gui/common/fanoutviewer/pkgIndex.tcl
/apps/vlsi_2018/synopsys/synthesis/O-2018.06-SP1/auxx/gui/common/hierarchy/pkgIndex.tcl
/apps/vlsi_2018/synopsys/synthesis/O-2018.06-SP1/auxx/gui/common/highlight/pkgIndex.tcl
/apps/vlsi_2018/synopsys/synthesis/O-2018.06-SP1/auxx/gui/common/histogram/pkgIndex.tcl
/apps/vlsi_2018/synopsys/synthesis/O-2018.06-SP1/auxx/gui/common/layout/pkgIndex.tcl
/apps/vlsi_2018/synopsys/synthesis/O-2018.06-SP1/auxx/gui/common/libviewer/pkgIndex.tcl
/apps/vlsi_2018/synopsys/synthesis/O-2018.06-SP1/auxx/gui/common/menus/pkgIndex.tcl
/apps/vlsi_2018/synopsys/synthesis/O-2018.06-SP1/auxx/gui/common/misc/pkgIndex.tcl
/apps/vlsi_2018/synopsys/synthesis/O-2018.06-SP1/auxx/gui/common/mrupalette/pkgIndex.tcl
/apps/vlsi_2018/synopsys/synthesis/O-2018.06-SP1/auxx/gui/common/opdlg/pkgIndex.tcl
/apps/vlsi_2018/synopsys/synthesis/O-2018.06-SP1/auxx/gui/common/palettegroup/pkgIndex.tcl
/apps/vlsi_2018/synopsys/synthesis/O-2018.06-SP1/auxx/gui/common/pathinspector/pkgIndex.tcl
/apps/vlsi_2018/synopsys/synthesis/O-2018.06-SP1/auxx/gui/common/profiler/pkgIndex.tcl
/apps/vlsi_2018/synopsys/synthesis/O-2018.06-SP1/auxx/gui/common/qtcl/pkgIndex.tcl
/apps/vlsi_2018/synopsys/synthesis/O-2018.06-SP1/auxx/gui/common/regressionToolkit/pkgIndex.tcl
/apps/vlsi_2018/synopsys/synthesis/O-2018.06-SP1/auxx/gui/common/schematic/pkgIndex.tcl
/apps/vlsi_2018/synopsys/synthesis/O-2018.06-SP1/auxx/gui/common/select/pkgIndex.tcl
/apps/vlsi_2018/synopsys/synthesis/O-2018.06-SP1/auxx/gui/common/setup/pkgIndex.tcl
/apps/vlsi_2018/synopsys/synthesis/O-2018.06-SP1/auxx/gui/common/strokes/pkgIndex.tcl
/apps/vlsi_2018/synopsys/synthesis/O-2018.06-SP1/auxx/gui/common/table/pkgIndex.tcl
/apps/vlsi_2018/synopsys/synthesis/O-2018.06-SP1/auxx/gui/common/tcl-dp/pkgIndex.tcl
/apps/vlsi_2018/synopsys/synthesis/O-2018.06-SP1/auxx/gui/common/tiledview/pkgIndex.tcl
/apps/vlsi_2018/synopsys/synthesis/O-2018.06-SP1/auxx/gui/common/timing/pkgIndex.tcl
/apps/vlsi_2018/synopsys/synthesis/O-2018.06-SP1/auxx/gui/common/tq/pkgIndex.tcl
/apps/vlsi_2018/synopsys/synthesis/O-2018.06-SP1/auxx/gui/common/view/pkgIndex.tcl
/apps/vlsi_2018/synopsys/synthesis/O-2018.06-SP1/auxx/gui/dv/pkgIndex.tcl
/apps/vlsi_2018/synopsys/synthesis/O-2018.06-SP1/auxx/syn/lib/pkgIndex.tcl
/apps/vlsi_2018/synopsys/synthesis/O-2018.06-SP1/auxx/tcllib/lib/iwidgets4.1/pkgIndex.tcl
/apps/vlsi_2018/synopsys/synthesis/O-2018.06-SP1/auxx/tcllib/snps_tcl/snpsTclPro/pkgIndex.tcl
/apps/vlsi_2018/synopsys/synthesis/O-2018.06-SP1/auxx/tcllib/snps_tcl/snpsTest/pkgIndex.tcl
/apps/vlsi_2018/synopsys/synthesis/O-2018.06-SP1/auxx/tcllib/snps_tcl/snpsUtils/pkgIndex.tcl
/apps/vlsi_2018/synopsys/synthesis/O-2018.06-SP1/auxx/tcllib/snps_tcl/pkgIndex.tcl
/apps/vlsi_2018/synopsys/synthesis/O-2018.06-SP1/auxx/tcllib/lib/tcl8.6/dde/pkgIndex.tcl
/apps/vlsi_2018/synopsys/synthesis/O-2018.06-SP1/auxx/tcllib/lib/tcl8.6/http/pkgIndex.tcl
/apps/vlsi_2018/synopsys/synthesis/O-2018.06-SP1/auxx/tcllib/lib/tcl8.6/http1.0/pkgIndex.tcl
/apps/vlsi_2018/synopsys/synthesis/O-2018.06-SP1/auxx/tcllib/lib/tcl8.6/msgcat/pkgIndex.tcl
/apps/vlsi_2018/synopsys/synthesis/O-2018.06-SP1/auxx/tcllib/lib/tcl8.6/opt/pkgIndex.tcl
/apps/vlsi_2018/synopsys/synthesis/O-2018.06-SP1/auxx/tcllib/lib/tcl8.6/platform/pkgIndex.tcl
/apps/vlsi_2018/synopsys/synthesis/O-2018.06-SP1/auxx/tcllib/lib/tcl8.6/reg/pkgIndex.tcl
/apps/vlsi_2018/synopsys/synthesis/O-2018.06-SP1/auxx/tcllib/lib/tcl8.6/tcltest/pkgIndex.tcl
/apps/vlsi_2018/synopsys/synthesis/O-2018.06-SP1/auxx/gui/common/setup/snpsCommonSetup.tcl
/apps/vlsi_2018/synopsys/synthesis/O-2018.06-SP1/auxx/gui/common/setup/snpsCustomize.tcl
/apps/vlsi_2018/synopsys/synthesis/O-2018.06-SP1/auxx/gui/common/setup/snpsProcheck.tcl
/apps/vlsi_2018/synopsys/synthesis/O-2018.06-SP1/auxx/gui/common/qtcl/.synopsys_qtcl.tcl
/apps/vlsi_2018/synopsys/synthesis/O-2018.06-SP1/auxx/gui/common/highlight/highlight.tcl
/apps/vlsi_2018/synopsys/synthesis/O-2018.06-SP1/auxx/gui/common/misc/base.tcl
/apps/vlsi_2018/synopsys/synthesis/O-2018.06-SP1/auxx/gui/common/misc/timing.tcl
/apps/vlsi_2018/synopsys/synthesis/O-2018.06-SP1/auxx/gui/common/misc/setting.tcl
/apps/vlsi_2018/synopsys/synthesis/O-2018.06-SP1/auxx/gui/common/misc/preset.tcl
/apps/vlsi_2018/synopsys/synthesis/O-2018.06-SP1/auxx/gui/common/WindowFrameWork/windowFrameWork.tcl
/apps/vlsi_2018/synopsys/synthesis/O-2018.06-SP1/auxx/gui/common/WindowFrameWork/skipBusyCursorCmdList.tcl
/apps/vlsi_2018/synopsys/synthesis/O-2018.06-SP1/auxx/gui/common/docBrowser/docBrowser.tcl
/apps/vlsi_2018/synopsys/synthesis/O-2018.06-SP1/auxx/tcllib/snps_tcl/snpsUtils/snpsUtils.tcl
/apps/vlsi_2018/synopsys/synthesis/O-2018.06-SP1/auxx/gui/common/dialogs/ObjectChooser.tcl
/apps/vlsi_2018/synopsys/synthesis/O-2018.06-SP1/auxx/gui/common/misc/DialogObjectChooser.tcl
/apps/vlsi_2018/synopsys/synthesis/O-2018.06-SP1/auxx/gui/common/dialogs/HistBinInformation.tcl
/apps/vlsi_2018/synopsys/synthesis/O-2018.06-SP1/auxx/gui/common/dialogs/HistBin1Information.tcl
/apps/vlsi_2018/synopsys/synthesis/O-2018.06-SP1/auxx/gui/common/dialogs/BinsOnlyInformation.tcl
/apps/vlsi_2018/synopsys/synthesis/O-2018.06-SP1/auxx/gui/common/dialogs/FileChooser.tcl
/apps/vlsi_2018/synopsys/synthesis/O-2018.06-SP1/auxx/gui/common/dialogs/PathPinSimpleInfo.tcl
/apps/vlsi_2018/synopsys/synthesis/O-2018.06-SP1/auxx/gui/common/dialogs/PathsBasicInfo.tcl
/apps/vlsi_2018/synopsys/synthesis/O-2018.06-SP1/auxx/gui/common/dialogs/PathsBasicSimpleInfo.tcl
/apps/vlsi_2018/synopsys/synthesis/O-2018.06-SP1/auxx/gui/common/dialogs/SlctOperationInfo.tcl
/apps/vlsi_2018/synopsys/synthesis/O-2018.06-SP1/auxx/gui/common/dialogs/ObjectListInfo.tcl
/apps/vlsi_2018/synopsys/synthesis/O-2018.06-SP1/auxx/gui/common/dialogs/FanInOutInfo.tcl
/apps/vlsi_2018/synopsys/synthesis/O-2018.06-SP1/auxx/gui/common/dialogs/NumberOfLevelsChooser.tcl
/apps/vlsi_2018/synopsys/synthesis/O-2018.06-SP1/auxx/gui/common/dialogs/WindowReuseInfo.tcl
/apps/vlsi_2018/synopsys/synthesis/O-2018.06-SP1/auxx/gui/common/dialogs/ReportOutputOptionInfo.tcl
/apps/vlsi_2018/synopsys/synthesis/O-2018.06-SP1/auxx/gui/common/setup/snpsCollections.tcl
/apps/vlsi_2018/synopsys/synthesis/O-2018.06-SP1/auxx/gui/common/dialogs/CompileLinkDesign.tcl
/apps/vlsi_2018/synopsys/synthesis/O-2018.06-SP1/auxx/gui/common/histogram/DialogEndpointSlack.tcl
/apps/vlsi_2018/synopsys/synthesis/O-2018.06-SP1/auxx/gui/common/histogram/DialogPathsSlack.tcl
/apps/vlsi_2018/synopsys/synthesis/O-2018.06-SP1/auxx/gui/common/histogram/DialogNetCapacitance.tcl
/apps/vlsi_2018/synopsys/synthesis/O-2018.06-SP1/auxx/gui/common/schematic/DialogPathSchematicFanInOut.tcl
/apps/vlsi_2018/synopsys/synthesis/O-2018.06-SP1/auxx/gui/common/schematic/DialogPathSchematicAddPaths.tcl
/home/ead/bsirota/ece4150/mips_cpu/syn/synthesis.tcl
/home/ead/bsirota/ece4150/mips_cpu/src/alu.v
/home/ead/bsirota/ece4150/mips_cpu/src/alucontrol.v
/home/ead/bsirota/ece4150/mips_cpu/src/controller.v
/home/ead/bsirota/ece4150/mips_cpu/src/datapath.v
/home/ead/bsirota/ece4150/mips_cpu/src/flop.v
/home/ead/bsirota/ece4150/mips_cpu/src/flop_en.v
/home/ead/bsirota/ece4150/mips_cpu/src/instr_data_memory.v
/home/ead/bsirota/ece4150/mips_cpu/src/mini_mips.v
/home/ead/bsirota/ece4150/mips_cpu/src/mux2.v
/home/ead/bsirota/ece4150/mips_cpu/src/mux3.v
/home/ead/bsirota/ece4150/mips_cpu/src/mux4.v
/home/ead/bsirota/ece4150/mips_cpu/src/register_file.v
/apps/design_kits/osu_stdcells_v2p7/synopsys/lib/ami05/osu05_stdcells.db
/apps/vlsi_2018/synopsys/synthesis/O-2018.06-SP1/libraries/syn/gtech.db
/apps/vlsi_2018/synopsys/synthesis/O-2018.06-SP1/libraries/syn/standard.sldb
/home/ead/bsirota/ece4150/mips_cpu/syn/constraints_mini_mips.tcl
/home/ead/bsirota/synopsys_cache_O-2018.06-SP1/DW01/DW01_add/rpl/8/osu05_stdcells_3439/element.ddc
/apps/design_kits/osu_stdcells_v2p7/synopsys/lib/ami05/osu05_stdcells.db
/apps/design_kits/osu_stdcells_v2p7/synopsys/lib/ami05/osu05_stdcells.db
