 
****************************************
Report : net
Design : mini_mips
Version: O-2018.06-SP1
Date   : Mon Apr 14 12:23:08 2025
****************************************


Operating Conditions: typical   Library: osu05_stdcells
Wire Load Model Mode: top


Net
 Fanout    Fanin     Load      LoadUR    LoadUF    LoadLR    LoadLF    Resist    Pins      Attr
-----------------------------------------------------------------------------------------------
adr[0]
      8         1        0.27      0.27      0.27      0.27      0.27      0.00       9    
adr[1]
      8         1        0.28      0.28      0.28      0.28      0.28      0.00       9    
adr[2]
      8         1        0.29      0.29      0.29      0.29      0.29      0.00       9    
adr[3]
      8         1        0.27      0.27      0.27      0.27      0.27      0.00       9    
adr[4]
      6         1        0.24      0.24      0.24      0.24      0.24      0.00       7    
adr[5]
      8         1        0.29      0.29      0.29      0.29      0.29      0.00       9    
adr[6]
      6         1        0.24      0.24      0.24      0.24      0.24      0.00       7    
adr[7]
      6         1        0.24      0.24      0.24      0.24      0.24      0.00       7    
alucont[0]
      3         1        0.07      0.07      0.07      0.07      0.07      0.00       4    
alucont[1]
     10         1        0.31      0.31      0.31      0.31      0.31      0.00      11    
alucont[2]
      5         1        0.29      0.29      0.29      0.29      0.29      0.00       6    
alusrca
      9         1        0.30      0.30      0.30      0.30      0.30      0.00      10    
alusrcb[0]
      3         1        0.08      0.08      0.08      0.08      0.08      0.00       4    
alusrcb[1]
      4         1        0.10      0.10      0.10      0.10      0.10      0.00       5    
branch
      1         1        0.03      0.03      0.03      0.03      0.03      0.00       2    
clk
      1         1        0.03      0.03      0.03      0.03      0.03      0.00       2    
funct[0]
      5         1        0.15      0.15      0.15      0.15      0.15      0.00       6    
funct[1]
      5         1        0.15      0.15      0.15      0.15      0.15      0.00       6    
funct[2]
      5         1        0.15      0.15      0.15      0.15      0.15      0.00       6    
funct[3]
      6         1        0.18      0.18      0.18      0.18      0.18      0.00       7    
funct[4]
      4         1        0.12      0.12      0.12      0.12      0.12      0.00       5    
funct[5]
      4         1        0.12      0.12      0.12      0.12      0.12      0.00       5    
iord
      9         1        0.30      0.30      0.30      0.30      0.30      0.00      10    
irwrite[0]
      3         1        0.09      0.09      0.09      0.09      0.09      0.00       4    
irwrite[1]
      2         1        0.06      0.06      0.06      0.06      0.06      0.00       3    
irwrite[2]
      2         1        0.07      0.07      0.07      0.07      0.07      0.00       3    
irwrite[3]
      2         1        0.06      0.06      0.06      0.06      0.06      0.00       3    
memtoreg
     10         1        0.33      0.33      0.33      0.33      0.33      0.00      11    
memwrite
      8         1        0.30      0.30      0.30      0.30      0.30      0.00       9    
n1
      9         1        0.29      0.29      0.29      0.29      0.29      0.00      10    
n2
      1         1        0.03      0.03      0.03      0.03      0.03      0.00       2    
n3
     22         1        0.90      0.90      0.90      0.90      0.90      0.00      23    
n4
      1         1        0.03      0.03      0.03      0.03      0.03      0.00       2    
op[0]
      2         1        0.05      0.05      0.05      0.05      0.05      0.00       3    
op[1]
      6         1        0.18      0.18      0.18      0.18      0.18      0.00       7    
op[2]
      2         1        0.05      0.05      0.05      0.05      0.05      0.00       3    
op[3]
      6         1        0.19      0.18      0.18      0.18      0.18      0.00       7    
op[4]
      2         1        0.05      0.05      0.05      0.05      0.05      0.00       3    
op[5]
      5         1        0.14      0.14      0.14      0.14      0.14      0.00       6    
pcsource[0]
      4         1        0.10      0.10      0.10      0.10      0.10      0.00       5    
pcsource[1]
      3         1        0.08      0.08      0.08      0.08      0.08      0.00       4    
pcwrite
      1         1        0.03      0.03      0.03      0.03      0.03      0.00       2    
regdst
      7         1        0.23      0.23      0.23      0.23      0.23      0.00       8    
regwrite
      1         1        0.02      0.02      0.02      0.02      0.02      0.00       2    
reset
      1         1        0.03      0.03      0.03      0.03      0.03      0.00       2    
writedata[0]
      3         1        0.17      0.17      0.17      0.17      0.17      0.00       4    
writedata[1]
      3         1        0.17      0.17      0.17      0.17      0.17      0.00       4    
writedata[2]
      3         1        0.17      0.17      0.17      0.17      0.17      0.00       4    
writedata[3]
      3         1        0.17      0.17      0.17      0.17      0.17      0.00       4    
writedata[4]
      3         1        0.17      0.17      0.17      0.17      0.17      0.00       4    
writedata[5]
      3         1        0.17      0.17      0.17      0.17      0.17      0.00       4    
writedata[6]
      3         1        0.17      0.17      0.17      0.17      0.17      0.00       4    
writedata[7]
      3         1        0.17      0.17      0.17      0.17      0.17      0.00       4    
zero
      1         1        0.03      0.03      0.03      0.03      0.03      0.00       2    
-----------------------------------------------------------------------------------------------
Total 54 nets
    257        54        9.17      9.15      9.17      9.15      9.17      0.00     311
Maximum
     22         1        0.90      0.90      0.90      0.90      0.90      0.00      23
Average
   4.76      1.00        0.17      0.17      0.17      0.17      0.17      0.00    5.76
1
