 
****************************************
Report : cell
Design : half_adder
Version: O-2018.06-SP1
Date   : Tue Feb 11 13:57:16 2025
****************************************

Attributes:
    b - black box (unknown)
    h - hierarchical
    n - noncombinational
    r - removable
    u - contains unmapped logic

Cell                      Reference       Library             Area  Attributes
--------------------------------------------------------------------------------
U1                        AND2X2          osu05_stdcells  288.000000
U2                        XOR2X1          osu05_stdcells  504.000000
U3                        INVX2           osu05_stdcells  144.000000
U4                        INVX2           osu05_stdcells  144.000000
U5                        INVX2           osu05_stdcells  144.000000
U6                        INVX2           osu05_stdcells  144.000000
--------------------------------------------------------------------------------
Total 6 cells                                             1368.000000
1
